[  000000]nitializing cgroup subsys cpuset
[    0.000000] Initializing cgroup subsys cpu
[    0.000000] Initializing cgroup subsys cpuacct
[    0.000000] Linux version 4.4.0-128-generic (buildd@lcy01-amd64-019) (gcc version 5.4.0 20160609 (Ubuntu 5.4.0-6ubuntu1~16.04.9) ) #154-Ubuntu SMP Fri May 25 14:15:18 UTC 2018 (Ubuntu 4.4.0-128.154-generic 4.4.131)
[  00000] ommandin: BOOT_IMAGE=/boot/vmlinuz-4.4.0-128-generic root=UUID=68260c13-d231-47b1-9801-7e41c74cde1c ro console=tty1 console=ttyS0
[    0.000000] KERNEL supported cpus:[    .0000]  ntl GnuineIntel
[  0.00000] AMD AuthenticAMD
[    0.000000]   Centaur CentaurHauls
[    0.000000] x86/fpu: xstate_offset[2]:  576, xstatsies[2]:  256
   0.000000] x86/fpu: Supporting XSAVE feature 0x01: 'x87 floating point registers'
[    0.000000] x86/fpu: Supporting XSAVE feature 0x02: 'SSE registers'
[    0.000000] x86/fpu: Supporting XSAVE feature 0x04: 'AVX registers'
[    0.000000] x86/fpu: Enabled xstate features 0x7, context size is 832 bytes, using 'standard' format.
[    0.000000] x86/fpu: Using 'lazy' FPU context switches.
[    0.000000] e820: BIOS-provided physical RAM map:
[    0.000000] BIOS-e820: [mem 0x0000000000000000-0x000000000009fbff] usable
[    0.000000] BIOS-e820: [mem 0x000000000009fc00-0x000000000009ffff] reserved
[    0.000000] BIOS-e820: [mem 0x00000000000f0000-0x00000000000fffff] reserved
[    0.000000] BIOS-e820: [mem 0x0000000000100000-0x000000003ffeffff] usable
[    0.000000] BIOS-e820: [mem 0x000000003fff0000-0x000000003fffffff] ACPI data
[    0.000000] BIOS-e820: [mem 0x00000000fec00000-0x00000000fec00fff] reserved
[    0.000000] BIOS-e820: [mem 0x00000000fee00000-0x00000000fee00fff] reserved
[    0.000000] BIOS-e820: [mem 0x00000000fffc0000-0x00000000ffffffff] reserved
[    0.000000] NX (Execute Disable) protection: active
[    0.000000] SMBIOS 2.5 present.
[    0.000000] Hypervisor detected: KVM
[    0.000000] e820: last_pfn = 0x3fff0 max_arch_pfn = 0x400000000
[    0.000000] MTRR: Disabled
[    0.000000] x86/PAT: MTRRs disabled, skipping PAT  initialization too.
[    0.000000] CPU MTRRs all blank - virtualized system.
[    0.000000] x86/PAT: Configuration [0-7]: WB  WT  UC- UC  WB  WT  UC- UC  
[    0.000000] found SMP MP-table at [mem 0x0009fff0-0x0009ffff] mapped at [ffff88000009fff0]
[    0.000000] Scanning 1 areas for low memory corruption
[    0.000000] RAMDISK: [mem 0x361ee000-0x370eefff]
[    0.000000] ACPI: Early table checksum verification disabled
[    0.000000] ACPI: RSDP 0x00000000000E0000 000024 (v02 VBOX  )
[    0.000000] ACPI: XSDT 0x000000003FFF0030 00003C (v01 VBOX   VBOXXSDT 00000001 ASL  00000061)
[    0.000000] ACPI: FACP 0x000000003FFF00F0 0000F4 (v04 VBOX   VBOXFACP 00000001 ASL  00000061)
[    0.000000] ACPI: DSDT 0x000000003FFF0470 0021FF (v02 VBOX   VBOXBIOS 00000002 INTL 20100528)
[    0.000000] ACPI: FACS 0x000000003FFF0200 000040
[    0.000000] ACPI: FACS 0x000000003FFF0200 000040
[    0.000000] ACPI: APIC 0x000000003FFF0240 00005C (v02 VBOX   VBOXAPIC 00000001 ASL  00000061)
[    0.000000] ACPI: SSDT 0x000000003FFF02A0 0001CC (v01 VBOX   VBOXCPUT 00000002 INTL 20100528)
[    0.000000] No NUMA configuration found
[    0.000000] Faking a node at [mem 0x0000000000000000-0x000000003ffeffff]
[    0.000000] NODE_DATA(0) allocated [mem 0x3ffeb000-0x3ffeffff]
[    0.000000] kvm-clock: Using msrs 4b564d01 and 4b564d00
[    0.000000] kvm-clock: cpu 0, msr 0:3ffe3001, primary cpu clock
[    0.000000] kvm-clock: using sched offset of 3919839205 cycles
[    0.000000] clocksource: kvm-clock: mask: 0xffffffffffffffff max_cycles: 0x1cd42e4dffb, max_idle_ns: 881590591483 ns
[    0.000000] Zone ranges:
[    0.000000]   DMA      [mem 0x0000000000001000-0x0000000000ffffff]
[    0.000000]   DMA32    [mem 0x0000000001000000-0x000000003ffeffff]
[    0.000000]   Normal   empty
[    0.000000]   Device   empty
[    0.000000] Movable zone start for each node
[    0.000000] Early memory node ranges
[    0.000000]   node   0: [mem 0x0000000000001000-0x000000000009eff]
[  .000000]   node   0: [mem 0x0000000000100000-0x000000003ffeffff]
[    0.000000] Initmem setup node 0 [mem 0x0000000000001000-0x000000003ffeffff]
[    0.000000] ACPI: PM-Timer IO Port: 0x4008
[    0.000000] IOAPIC[0]: apic_id 2, version 32, address 0xfec00000, GSI 0-23
[    0.000000] ACPI: INT_SRC_OVR (bus 0 bus_irq 0 loal_irq 2 dfl dfl)
[    0.000000] ACPI: INT_SRC_OVR (bus 0 bus_irq 9 global_irq 9 low level)
[    0.000000] Using ACPI (MADT) for SMP configuration information
[    0.000000] smpboot: Allowing 2 CPUs, 0 hotplug CPUs
[    0.000000] PM: Registered nosave memory: [mem 0x00000000-0x00000fff]
[    0.000000] PM: Registered nosave memory: [mem 0x0009f000-0x0009ffff]
[    0.000000] PM: Registered nosave memory: [mem 0x000a0000-0x000effff]
[    0.000000] PM: Registered nosave memory: [mem 0x000f0000-0x000fffff]
[    0.000000] e820: [mem 0x40000000-0xfebfffff] available for PCI devices
[    0.000000] Booting paravirtualized kernel on KVM
[    0.000000] clocksource: refined-jiffies: mask: 0xffffffff max_cycles: 0xffffffff, max_idle_ns: 7645519600211568 ns
[    0.000000] setup_percpu: NR_CPUS:512 nr_cpumask_bits:512 nr_cpu_ids:2 nr_node_ids:1
[    0.000000] PERCPU: Embedded 34 pages/cpu @ffff88003fc00000 s99544 r8192 d31528 u1048576
[    0.000000] PV qspinlock hash table entries: 256 (order: 0, 4096 bytes)
[    0.000000] Built 1 zonelists in Node order, mobility grouping on.  Total pages: 257912
[    0.000000] Policy zone: DMA32
[    0.000000] Kernel command line: BOOT_IMAGE=/boot/vmlinuz-4.4.0-128-generic root=UUID=68260c13-d231-47b1-9801-7e41c74cde1c ro console=tty1 console=ttyS0
[    0.000000] PID hash table entries: 4096 (order: 3, 32768 bytes)
[    0.000000] Memory: 997156K/1048120K available (8541K kernel code, 1313K rwdata, 4000K rodata, 1512K init, 1316K bss, 50964K reserved, 0K cma-reserved)
[    0.000000] SLUB: HWalign=64, Order=0-3, MinObjects=0, CPUs=2, Nodes=1
[    0.000000] Kernel/User page tables isolation: enabled
[    0.000000] Hierarchical RCU implementation.
[    0.000000] 	Build-time adjustment of leaf fanout to 64.
[    0.000000] 	RCU restricting CPUs from NR_CPUS=512o nr_cpu_ids=.
[  0.00000] CU Adjuti geometry r cu_fautleaf=64, nr_cpu_ids=2
[  0000000] NR_IRQS:33024 nr_irqs:440 16
[    0.000000] Console: colour VGA+ 80x25
[    0.000000] console [tty1] enabled
[    0.000000] console [ttyS0] enabled
[    0.000000] tsc: Detected 2400.000 MHz processor
[    1.384260] Calibrating delay loop (skipped) preset value.. 4800.0BogoMIPS (lpj=9600000)
[    1.435273] pid_max: default: 32768 minimum: 301
[    1.436463] ACPI: Core revision 20150930
[    1.438512] ACPI: 2 ACPI AML tables successfully acquired and loaded
[    1.440170] Security Framework initialized
[    1.449572] Yama: becoming mindful.
[    1.456428] AppArmor: AppArmor initialized
[    1.465082] Dentry cache hash table entries: 131072 (order: 8, 1048576 bytes)
[    1.484124] Inode-cache hash table entries: 65536 (order: 7, 524288 bytes)
[    1.582841] Mount-cache hash table entries: 2048 (order: 2, 16384 bytes)
[    1.677909] Mountpoint-cache hash table entries: 2048 (order: 2, 16384 bytes)
[    1.697669] Initializing cgroup subsys io
[    1.744489] Initializing cgroup subsys memory
[    1.761309] Initializing cgroup subsys devices
[    1.783542] Initializing cgroup subsys freezer
[    1.859667] Initializing cgroup subsys net_cls
[    1.878961] Initializing cgroup subsys perf_event
[    1.880204] Initializing cgroup subsys net_prio
[    1.881356] Initializing cgroup subsys hugetlb
[    1.882517] Initializing cgroup subsys pids
[    1.889456] CPU: Physical Processor ID: 0
[    1.896431] CPU: Processor Core ID: 0
[    1.898549] mce: CPU supports 0 MCE banks
[    1.907148] Last level iTLB entries: 4KB 64, 2MB 8, 4MB 8
[    1.914570] Last level dTLB entries: 4KB 64, 2MB 0, 4MB 0, 1GB 4
[    1.916570] Spectre V2 : Mitigation: Full generic retpoline
[    1.918206] Spectre V2 : Speculation control IBPB not-supported IBRS not-supported
[    1.925917] Spectre V2 : Filling RSB on context switch
[    1.945935] Speculative Store Bypass: Vulnerable
[    1.950029] Freeing SMP alternatives memory: 32K
[    1.992273] ftrace: allocating 32236 entries in 126 pages
[    2.116104] smpboot: APIC(0) Converting physical 0 to logical package 0
[    2.219627] smpboot: Max logical packages: 1
[    2.292410] x2apic enabled
[    2.311925] Switched APIC routing to physical x2apic.
[    2.395780] ..TIMER: vector=0x30 apic1=0 pin1=2 apic2=-1 pin2=-1
[    2.531614] smpboot: CPU0: Intel(R) Core(TM) i5-6200U CPU @ 2.30GHz (family: 0x6, model: 0x4e, stepping: 0x3)
[    2.672419] Performance Events: unsupported p6 CPU model 78 no PMU driver, software events only.
[    2.695706] KVM setup paravirtual spinlock
[    2.697948] x86: Booting SMP configuration:
[    2.741019] .... node  #0, CPUs:      #1
[    2.782362] kvm-clock: cpu 1, msr 0:3ffe3041, secondary cpu clock
[    2.784601] mce: CPU supports 0 MCE banks
[    2.787210] x86: Booted up 1 node, 2 CPUs
[    2.821446] smpboot: Total of 2 processors activated (9600.00 BogoMIPS)
[    2.915526] devtmpfs: initialized
[    2.938603] evm: security.selinux
[    2.945243] evm: security.SMACK64
[    2.957381] evm: security.SMACK64EXEC
[    2.958305] evm: security.SMACK64TRANSMUTE
[    2.959328] evm: security.SMACK64MMAP
[    2.965879] evm: security.ima
[    2.966874] evm: security.capability
[    2.968304] clocksource: jiffies: mask: 0xffffffff max_cycles: 0xffffffff, max_idle_ns: 7645041785100000 ns
[    2.970734] futex hash table entries: 512 (order: 3, 32768 bytes)
[    2.972280] pinctrl core: initialized pinctrl subsystem
[    2.980065] RTC time: 10:23:41, date: 06/15/18
[    3.005410] NET: Registered protocol family 16
[    3.028493] cpuidle: using governor ladder
[    3.040857] cpuidle: using governor menu
[    3.050793] PCCT header not found.
[    3.065396] ACPI: bus type PCI registered
[    3.081454] acpiphp: ACPI Hot Plug PCI Controller Driver version: 0.5
[    3.100388] PCI: Using configuration type 1 for base access
[    3.137965] ACPI: Added _OSI(Module Device)
[    3.176859] ACPI: Added _OSI(Processor Device)
[    3.213054] ACPI: Added _OSI(3.0 _SCP Extensions)
[    3.230720] ACPI: Added _OSI(Processor Aggregator Device)
[    3.255433] ACPI: Executed 1 blocks of module-level executable AML code
[    3.282453] ACPI: Interpreter enabled
[    3.301988] ACPI: (supports S0 S5)
[    3.322040] ACPI: Using IOAPIC for interrupt routing
[    3.355055] PCI: Using host bridge windows from ACPI; if necessary, use "pci=nocrs" and report a bug
[    3.407139] ACPI: PCI Root Bridge [PCI0] (domain 0000 [bus 00-ff])
[    3.441283] acpi PNP0A03:00: _OSC: OS supports [ASPM ClockPM Segments MSI]
[    3.446691] acpi PNP0A03:00: _OSC: not requesting OS control; OS requires [ExtendedConfig ASPM ClockPM MSI]
[    3.469674] acpi PNP0A03:00: fail to add MMCONFIG information, can't access extended PCI configuration space under this bridge.
[    3.618098] PCI host bridge to bus 0000:00
[    3.660780] pci_bus 0000:00: root bus resource [io  0x0000-0x0cf7 window]
[    3.716794] pci_bus 0000:00: root bus resource [io  0x0d00-0xffff window]
[    3.764113] pci_bus 0000:00: root bus resource [mem 0x000a0000-0x000bffff window]
[    3.806605] pci_bus 0000:00: root bus resource [mem 0x40000000-0xfdffffff window]
[    3.858444] pci_bus 0000:00: root bus resource [bus 00-ff]
[    3.874899] pci 0000:00:01.1: legacy IDE quirk: reg 0x10: [io  0x01f0-0x01f7]
[    3.932785] pci 0000:00:01.1: legacy IDE quirk: reg 0x14: [io  0x03f6]
[    3.995082] pci 0000:00:01.1: legacy IDE quirk: reg 0x18: [io  0x0170-0x0177]
[    4.034101] pci 0000:00:01.1: legacy IDE quirk: reg 0x1c: [io  0x0376]
[    4.081304] pci 0000:00:07.0: quirk: [io  0x4000-0x403f] claimed by PIIX4 ACPI
[    4.087610] pci 0000:00:07.0: quirk: [io  0x4100-0x410f] claimed by PIIX4 SMB
[    4.112416] ACPI: PCI Interrupt Link [LNKA] (IRQs 5 9 10 *11)
[    4.117188] ACPI: PCI Interrupt Link [LNKB] (IRQs 5 9 *10 11)
[    4.123738] ACPI: PCI Interrupt Link [LNKC] (IRQs 5 *9 10 11)
[    4.126384] ACPI: PCI Interrupt Link [LNKD] (IRQs 5 9 10 *11)
[    4.128871] ACPI: Enabled 2 GPEs in block 00 to 07
[    4.130594] vgaarb: setting as boot device: PCI:0000:00:02.0
[    4.132158] vgaarb: device added: PCI:0000:00:02.0,decodes=io+mem,owns=io+mem,locks=none
[    4.134301] vgaarb: loaded
[    4.135232] vgaarb: bridge control possible 0000:00:02.0
[    4.137050] SCSI subsystem initialized
[    4.138226] ACPI: bus type USB registered
[    4.139431] usbcore: registered new interface driver usbfs
[    4.140973] usbcore: registered new interface driver hub
[    4.142513] usbcore: registered new device driver usb
[    4.163106] PCI: Using ACPI for IRQ routing
[    4.164677] NetLabel: Initializing
[    4.165751] NetLabel:  domain hash size = 128
[    4.166887] NetLabel:  protocols = UNLABELED CIPSOv4
[    4.168370] NetLabel:  unlabeled traffic allowed by default
[    4.175974] amd_nb: Cannot enumerate AMD northbridges
[    4.177194] clocksource: Switched to clocksource kvm-clock
[    4.230781] AppArmor: AppArmor Filesystem Enabled
[    4.246010] pnp: PnP ACPI init
[    4.247798] pnp: PnP ACPI: found 3 devices
[    4.276425] clocksource: acpi_pm: mask: 0xffffff max_cycles: 0xffffff, max_idle_ns: 2085701024 ns
[    4.278915] NET: Registered protocol family 2
[    4.280075] TCP established hash table entries: 8192 (order: 4, 65536 bytes)
[    4.281684] TCP bind hash table entries: 8192 (order: 5, 131072 bytes)
[    4.283094] TCP: Hash tables configured (established 8192 bind 8192)
[    4.284707] UDP hash table entries: 512 (order: 2, 16384 bytes)
[    4.286114] UDP-Lite hash table entries: 512 (order: 2, 16384 bytes)
[    4.287749] NET: Registered protocol family 1
[    4.288992] pci 0000:00:00.0: Limiting direct PCI/PCI transfers
[    4.290703] pci 0000:00:01.0: Activating ISA DMA hang workarounds
[    4.292338] Unpacking initramfs...
[    4.961231] Freeing initrd memory: 15364K
[    5.002159] platform rtc_cmos: registered platform RTC device (no PNP device found)
[    5.091464] Scanning for low memory corruption every 60 seconds
[    5.148533] audit: initializing netlink subsys (disabled)
[    5.165332] audit: type=2000 audit(1529058226.279:1): initialized
[    5.169229] Initialise system trusted keyring
[    5.170667] HugeTLB registered 2 MB page size, pre-allocated 0 pages
[    5.180966] zbud: loaded
[    5.182636] VFS: Disk quotas dquot_6.6.0
[    5.183672] VFS: Dquot-cache hash table entries: 512 (order 0, 4096 bytes)
[    5.185810] squashfs: version 4.0 (2009/01/31) Phillip Lougher
[    5.187865] fuse init (API version 7.23)
[    5.189169] Key type big_key registered
[    5.190310] Allocating IMA MOK and blacklist keyrings.
[    5.193105] Key type asymmetric registered
[    5.194479] Asymmetric key parser 'x509' registered
[    5.195948] Block layer SCSI generic (bsg) driver version 0.4 loaded (major 249)
[    5.198003] io scheduler noop registered
[    5.199083] io scheduler deadline registered (default)
[    5.206456] io scheduler cfq registered
[    5.207571] pci_hotplug: PCI Hot Plug PCI Core version: 0.5
[    5.209158] pciehp: PCI Express Hot Plug Controller Driver version: 0.4
[    5.210943] ACPI: AC Adapter [AC] (off-line)
[    5.212047] input: Power Button as /devices/LNXSYSTM:00/LNXPWRBN:00/input/input0
[    5.214072] ACPI: Power Button [PWRF]
[    5.220600] input: Sleep Button as /devices/LNXSYSTM:00/LNXSLPBN:00/input/input1
[    5.222611] ACPI: Sleep Button [SLPF]
[    5.223845] GHES: HEST is not enabled!
[    5.224773] ACPI: Battery Slot [BAT0] (battery present)
[    5.226525] Serial: 8250/16550 driver, 32 ports, IRQ sharing enabled
[    5.250751] 00:02: ttyS0 at I/O 0x3f8 (irq = 4, base_baud = 115200) is a 16550A
[    5.353878] Linux agpgart interface v0.103
[    5.417157] loop: module loaded
[    5.444667] scsi host0: ata_piix
[    5.445828] scsi host1: ata_piix
[    5.446732] ata1: PATA max UDMA/33 cmd 0x1f0 ctl 0x3f6 bmdma 0xd000 irq 14
[    5.448227] ata2: PATA max UDMA/33 cmd 0x170 ctl 0x376 bmdma 0xd008 irq 15
[    5.451218] libphy: Fixed MDIO Bus: probed
[    5.455342] tun: Universal TUN/TAP device driver, 1.6
[    5.472939] tun: (C) 1999-2004 Max Krasnyansky <maxk@qualcomm.com>
[    5.480397] PPP generic driver version 2.4.2
[    5.481661] ehci_hcd: USB 2.0 'Enhanced' Host Controller (EHCI) Driver
[    5.483167] ehci-pci: EHCI PCI platform driver
[    5.484236] ehci-platform: EHCI generic platform driver
[    5.485533] ohci_hcd: USB 1.1 'Open' Host Controller (OHCI) Driver
[    5.500589] ohci-pci: OHCI PCI platform driver
[    5.501791] ohci-platform: OHCI generic platform driver
[    5.504324] uhci_hcd: USB Universal Host Controller Interface driver
[    5.512903] i8042: PNP: PS/2 Controller [PNP0303:PS2K,PNP0f03:PS2M] at 0x60,0x64 irq 1,12
[    5.517394] serio: i8042 KBD port at 0x60,0x64 irq 1
[    5.518715] serio: i8042 AUX port at 0x60,0x64 irq 12
[    5.521820] mousedev: PS/2 mouse device common for all mice
[    5.525276] rtc_cmos rtc_cmos: rtc core: registered rtc_cmos as rtc0
[    5.526991] input: AT Translated Set 2 keyboard as /devices/platform/i8042/serio0/input/input2
[    5.526993] rtc_cmos rtc_cmos: alarms up to one day, 114 bytes nvram
[    5.527003] i2c /dev entries driver
[    5.527058] device-mapper: uevent: version 1.0.3
[    5.593762] device-mapper: ioctl: 4.34.0-ioctl (2015-10-28) initialised: dm-devel@redhat.com
[    5.593804] ledtrig-cpu: registered to indicate activity on CPUs
[    5.594257] NET: Registered protocol family 10
[    5.594414] NET: Registered protocol family 17
[    5.594425] Key type dns_resolver registered
[    5.594718] registered taskstats version 1
[    5.594751] Loading compiled-in X.509 certificates
[    5.595376] Loaded X.509 cert 'Build time autogenerated kernel key: fc7b57a7df019f2655f66a8a374d74ee8f4999fc'
[    5.595393] zswap: loaded using pool lzo/zbud
[    5.597017] Key type trusted registered
[    5.600264] Key type encrypted registered
[    5.600271] AppArmor: AppArmor sha1 policy hashing enabled
[    5.600275] ima: No TPM chip found, activating TPM-bypass!
[    5.600297] evm: HMAC attrs: 0x1
[    5.600642]   Magic number: 6:10:376
[    5.607213] rtc_cmos rtc_cmos: setting system clock to 2018-06-15 10:23:44 UTC (1529058224)
[    5.607307] BIOS EDD facility v0.16 2004-Jun-25, 0 devices found
[    5.607308] EDD information not available.
[    6.258111] tsc: Refined TSC clocksource calibration: 2401.381 MHz
[    6.259699] clocksource: tsc: mask: 0xffffffffffffffff max_cycles: 0x229d4ff19ef, max_idle_ns: 440795274932 ns
[    6.281223] Freeing unused kernel memory: 1512K
[    6.293626] Write protecting the kernel read-only data: 14336k
[    6.295905] Freeing unused kernel memory: 1688K
[    6.297599] Freeing unused kernel memory: 96K
Loading, please wait...
starting version 229
[    6.320690] random: systemd-udevd: uninitialized urandom read (16 bytes read, 5 bits of entropy available)
[    6.320975] random: udevadm: uninitialized urandom read (16 bytes read, 5 bits of entropy available)
[    6.320992] random: udevadm: uninitialized urandom read (16 bytes read, 5 bits of entropy available)
[    6.329498] random: udevadm: uninitialized urandom read (16 bytes read, 5 bits of entropy available)
[    6.329548] random: udevadm: uninitialized urandom read (16 bytes read, 5 bits of entropy available)
[    6.329696] random: udevadm: uninitialized urandom read (16 bytes read, 5 bits of entropy available)
[    6.329801] random: udevadm: uninitialized urandom read (16 bytes read, 5 bits of entropy available)
[    6.329859] random: udevadm: uninitialized urandom read (16 bytes read, 5 bits of entropy available)
[    6.329915] random: udevadm: uninitialized urandom read (16 bytes read, 5 bits of entropy available)
[    6.329966] random: udevadm: uninitialized urandom read (16 bytes read, 5 bits of entropy available)
[    7.056648] e1000: Intel(R) PRO/1000 Network Driver - version 7.3.21-k8-NAPI
[    7.064338] e1000: Copyright (c) 1999-2006 Intel Corporation.
[    7.073116] Fusion MPT base driver 3.04.20
[    7.117630] Copyright (c) 1999-2008 LSI Corporation
[    7.130798] Fusion MPT SPI Host driver 3.04.20
[    7.143960] AVX2 version of gcm_enc/dec engaged.
[    7.145056] AES CTR mode by8 optimization enabled
[    7.328269] input: ImExPS/2 Generic Explorer Mouse as /devices/platform/i8042/serio1/input/input4
[    7.521990] e1000 0000:00:03.0 eth0: (PCI:33MHz:32-bit) 02:ff:33:8f:0e:5d
[    7.555079] e1000 0000:00:03.0 eth0: Intel(R) PRO/1000 Network Connection
[    7.982446] e1000 0000:00:08.0 eth1: (PCI:33MHz:32-bit) 08:00:27:13:4f:5e
[    8.065259] e1000 0000:00:08.0 eth1: Intel(R) PRO/1000 Network Connection
[    8.123422] e1000 0000:00:08.0 enp0s8: renamed from eth1
[    8.124928] mptbase: ioc0: Initiating bringup
[    8.153601] e1000 0000:00:03.0 enp0s3: renamed from eth0
[    8.280149] ioc0: LSI53C1030 A0: Capabilities={Initiator}
[    9.561009] scsi host2: ioc0: LSI53C1030 A0, FwRev=00000000h, Ports=1, MaxQ=256, IRQ=20
[   10.287464] scsi 2:0:0:0: Direct-Access     VBOX     HARDDISK         1.0  PQ: 0 ANSI: 5
[   11.208384] scsi target2:0:0: Beginning Domain Validation
[   11.256935] scsi target2:0:0: Domain Validation skipping write tests
[   11.353943] scsi target2:0:0: Ending Domain Validation
[   11.407081] scsi target2:0:0: asynchronous
[   11.448093] scsi 2:0:1:0: Direct-Access     VBOX     HARDDISK         1.0  PQ: 0 ANSI: 5
[   11.504634] scsi target2:0:1: Beginning Domain Validation
[   11.535815] scsi target2:0:1: Domain Validation skipping write tests
[   11.548975] scsi target2:0:1: Ending Domain Validation
[   11.556622] scsi target2:0:1: asynchronous
[   11.822581] sd 2:0:0:0: Attached scsi generic sg0 type 0
[   11.824118] sd 2:0:0:0: [sda] 20971520 512-byte logical blocks: (10.7 GB/10.0 GiB)
[   11.832113] sd 2:0:1:0: [sdb] 20480 512-byte logical blocks: (10.5 MB/10.0 MiB)
[   11.845857] sd 2:0:1:0: Attached scsi generic sg1 type 0
[   11.846073] sd 2:0:1:0: [sdb] Write Protect is off
[   11.846201] sd 2:0:1:0: [sdb] Incomplete mode parameter data
[   11.846203] sd 2:0:1:0: [sdb] Assuming drive cache: write through
[   11.850561] sd 2:0:0:0: [sda] Write Protect is off
[   11.850707] sd 2:0:0:0: [sda] Incomplete mode parameter data
[   11.850709] sd 2:0:0:0: [sda] Assuming drive cache: write through
[   11.863439]  sda: sda1
[   11.864796] sd 2:0:0:0: [sda] Attached SCSI disk
[   11.865204] sd 2:0:1:0: [sdb] Attached SCSI disk
Begin: Loading essential drivers[   13.676372] md: linear personality registered for level -1
 ... [   13.748583] md: multipath personality registered for level -4
[   13.799834] md: raid0 personality registered for level 0
[   13.824359] md: raid1 personality registered for level 1
[   13.897475] raid6: sse2x1   gen()  8472 MB/s
[   13.993697] raid6: sse2x1   xor()  5745 MB/s
[   14.105334] raid6: sse2x2   gen()  8403 MB/s
[   14.213408] raid6: sse2x2   xor()  6225 MB/s
[   14.325539] raid6: sse2x4   gen() 11841 MB/s
[   14.473339] raid6: sse2x4   xor()  6926 MB/s
[   14.601327] raid6: avx2x1   gen() 13820 MB/s
[   14.709416] raid6: avx2x2   gen() 13201 MB/s
[   14.797722] raid6: avx2x4   gen() 19717 MB/s
[   14.814172] raid6: using algorithm avx2x4 gen() 19717 MB/s
[   14.854410] raid6: using avx2x2 recovery algorithm
[   14.899576] xor: automatically using best checksumming function:
[   14.937635]    avx       : 12753.000 MB/sec
[   14.946643] async_tx: api initialized (async)
[   14.999192] md: raid6 personality registered for level 6
[   15.040260] md: raid5 personality registered for level 5
[   15.043034] md: raid4 personality registered for level 4
[   15.070723] md: raid10 personality registered for level 10
done.
Begin: Running /[   15.103003] Btrfs loaded
scripts/init-premount ... done.
Begin: Mounting root file system ... Begin: Running /scripts/local-top ... done.
Begin: Running /scripts/local-premount ... Scanning for Btrfs filesystems
done.
Warning: fsck not present, so skipping root file system
[   15.163914] EXT4-fs (sda1): mounted filesystem with ordered data mode. Opts: (null)
done.
Begin: Running /scripts/local-bottom ... done.
Begin: Running /scripts/init-bottom ... done.
[   1.367] ysem[1: ysmd229 running in system mode. (+PAM +AUDIT +SELINUX +IMA +APPARMOR +SMACK +SYSVINIT +UTMP +LIBCRYPTSETUP +GCRYPT +GNUTLS +ACL +XZ -LZ4 +SECCOMP +BLKID +ELFUTILS +KMOD -IDN)

[   15.715967] systemd[1]: Detected virtualization oracle.
[   151736] syem1]:Dectd rchitcture x-6.

Welcome to [1mUbuntu 16.04.4 LTS[0m!

[   16.234688] systemd[1]: Set hostname to <ubuntu-xenial>.
[  1.6259]ysmd]:isning on Ssl Ske
[[0;32m  OK  [0m] Listening on Syslog Socket.
[  1.294592] systemd[1]: Created slice User and Session Slice.
[[0;32m  OK  [0m] Created slice User and Session Slice.
[   17.398952] systemd[1]: Listening on Device-mapper event daemon FIFOs.
[[0;32m  OK  [0m] Listening on Device-mapper event daemon FIFOs.
[   17.405326] systemd[1]: Listening on Journal Socket.
[[0;32m  OK  [0m] Listening on Journal Socket.
[   17.410618] systemd[1]: Listening on Journal Audit ck. [[0;32m  OK  [0m] Listening on Journal Audit Socket.
[  18.114135] systemd[1]: Listeninonudev Contl ocket.
[[0;32m  OK  [0m] Listening on [   18.411874] random: nonblocking pool is initialized
udev Control Socket.
[   19.078024] systemd[1]: Listening on LVM2 poll daemon socket.
[[0;32m  OK  [0m] Listening on LVM2 poll daemon socket.
[   19.093627] systemd[1]: Listening on udev Kernel Socket.
[[0;32m  OK  [0m] Listening on udev Kernel Socket.
[   19.099657] systemd[1]: Listening on /dev/initctl Compatibility Named Pipe.
[[0;32m  OK  [0m] Listening on /dev/initctl Compatibility Named Pipe.
[   19.102651] systemd[1]: Reached target Swap.
[[0;32m  OK  [0m] Reached target Swap.
[  1134609] systemd[1]: S u atomount Arbitrary Executable File Formats File System Automount Point.
[[0;32m  OK  [0m] Set up automount Arbitrary Executab...ats File System Automount Point.
[   19.405917] systemd[1]: Started Trigger resolvconf update for networkd DNS.
[[0;32m  OK  [0m] Started Trigger resolvconf update for networkd DNS.
[   19.409054] systemd[1]: Reached target Encrypted Volumes.
[[0;32m  OK  [0m] Reached target Encrypted Volumes.
[   19.412039] systemd[1]: Created slice System Slice.
[[0;32m  OK  [0m] Created slice System Slice.
[   19.838354] systemd[1]: Starting Load Kernel Modules...
         Starting Load Kernel Modules...
[   19.864606] systemd[1]: Created slice system-serial\x2dgetty.slice.
[[0;32m  OK  [[   19.883809] Loading iSCSI transport class v2.0-870.
0m] Created slice system-serial\x2dgetty.slice.
[   19.930539] systemd[1]: Starting Set console keymap...
         Starting Set console keymap...
[   19.948572] systemd[1]: Mounting POSIX Message Queue File System...
[   19.956143] iscsi: registered transport (tcp)
         Mounting POSIX Message Queue File System...
[   20.117369] systemd[1]: Mounting Debug File System...
         Mounting Debug File System...
[   20.148526] systemd[1]: Reached target Slices.
[[0;32m  OK  [0m] Reached target Slices.
[   20.190016] systemd[1]: Starting Nameserver information manager...
         Starting Nameserver information manager...
[   20.215543] systemd[1]: Mounting Huge Pages File System...
[   20.215989] iscsi: registered transport (iser)
         Mounting Huge Pages File System...
[   20.237802] systemd[1]: Listening on LVM2 metadata daemon socket.
[[0;32m  OK  [0m] Listening on LVM2 metadata daemon socket.
[   20.277853] systemd[1]: Starting Monitoring of LVM2 mirrors, snapshots etc. using dmeventd or progress polling...
         Starting Monitoring of LVM2 mirrors... dmeventd or progress polling...
[   20.319986] systemd[1]: Started Forward Password Requests to Wall Directory Watch.
[[0;32m  OK  [0m] Started Forward Password Requests to Wall Directory Watch.
[   20.374150] systemd[1]: Reached target System Time Synchronized.
[[0;32m  OK  [0m] Reached target System Time Synchronized.
[   20.417880] systemd[1]: Starting Create list of required static device nodes for the current kernel...
         Starting Create list of required st... nodes for the current kernel...
[   20.448744] systemd[1]: Starting Remount Root and Kernel File Systems...
         Starting Remount Root and Kernel File Systems...
[   20.461323] systemd[1]: Reached target User and Group Name Lookups.
[   20.463851] EXT4-fs (sda1): re-mounted. Opts: (null)
[[0;32m  OK  [0m] Reached target User and Group Name Lookups.
[   20.495672] systemd[1]: Listening on Journal Socket (/dev/log).
[[0;32m  OK  [0m] Listening on Journal Socket (/dev/log).
[   20.554143] systemd[1]: Starting Journal Service...
         Starting Journal Service...
[   20.571262] systemd[1]: Starting Uncomplicated firewall...
         Starting Uncomplicated firewall...
[   20.587236] systemd[1]: Mounted POSIX Message Queue File System.
[[0;32m  OK  [0m] Mounted POSIX Message Queue File System.
[   20.673073] systemd[1]: Mounted Debug File System.
[[0;32m  OK  [0m] Mounted Debug File System.
[   20.694181] systemd[1]: Mounted Huge Pages File System.
[[0;32m  OK  [0m] Mounted Huge Pages File System.
[   20.718340] systemd[1]: Started Journal Service.
[[0;32m  OK  [0m] Started Journal Service.
[[0;32m  OK  [0m] Started Load Kernel Modules.
[[0;32m  OK  [0m] Started Set console keymap.
[[0;32m  OK  [0m] Started Create list of required sta...ce nodes for the current kernel.
[[0;32m  OK  [0m] Started Remount Root and Kernel File Systems.
[[0;32m  OK  [0m] Started Uncomplicated firewall.
[[0;32m  OK  [0m] Started Nameserver information manager.
[[0;32m  OK  [0m] Started LVM2 metadata daemon.
         Starting Load/Save Random Seed...
         Starting udev Coldplug all Devices...
         Starting Create Static Device Nodes in /dev...
         Mounting FUSE Control File System...
         Starting Apply Kernel Variables...
         Starting Flush Journal to Persistent Storage...
[[0;32m  OK  [0m] Mounted FUSE Control File System.
[[0;32m  OK  [0m] Started Monitoring of LVM2 mirrors,...ng dmeventd or progress polling.
[[0;32m  OK  [0m] Started Load/Save Random Seed.
[[0;32m  OK  [0m] Started Create Static Device Nodes in /dev.
[[0;32m  OK  [0m] Started Apply Kernel Variables.
[[0;32m  OK  [0m] Started udev Coldplug all Devices.
[[0;32m  OK  [0m] Started Flush Journal to Persistent Storage.
         Starting udev Kernel Device Manager...
[[0;32m  OK  [0m] Started udev Kernel Device Manager.
[[0;32m  OK  [0m] Started Dispatch Password Requests to Console Directory Watch.
[[0;32m  OK  [0m] Reached target Local File Systems (Pre).
[[0;32m  OK  [0m] Reached target Local File Systems.
         Starting LSB: AppArmor initialization...
         Starting Create Volatile Files and Directories...
         Starting Set console font and keymap...
         Starting Tell Plymouth To Write Out Runtime Data...
         Starting Initial cloud-init job (pre-networking)...
[[0;32m  OK  [0m] Started Create Volatile Files and Directories.
[[0;32m  OK  [0m] Started Tell Plymouth To Write Out Runtime Data.
         Starting Update UTMP about System Boot/Shutdown...
[[0;32m  OK  [0m] Started Update UTMP about System Boot/Shutdown.
[[0;32m  OK  [0m] Started LSB: AppArmor initialization.
[[0;32m  OK  [0m] Found device /dev/ttyS0.
[[0;32m  OK  [0m] Found device 82540EM Gigabit Ethern...r (PRO/1000 MT Desktop Adapter).
[[0;32m  OK  [0m] Started Set console font and keymap.
[[0;32m  OK  [0m] Created slice system-getty.slice.
[[0;32m  OK  [0m] Listening on Load/Save RF Kill Switch Status /dev/rfkill Watch.
[[0;32m  OK  [0m] Found device 82540EM Gigabit Ethern...r (PRO/1000 MT Desktop Adapter).
[   19.834556] cloud-init[504]: Cloud-init v. 18.2 running 'init-local' at Fri, 15 Jun 2018 10:24:01 +0000. Up 19.47 seconds.
[[0;32m  OK  [0m] Started Initial cloud-init job (pre-networking).
[[0;32m  OK  [0m] Reached target Network (Pre).
[[0;32m  OK  [0m] Started ifup for enp0s3.
[[0;32m  OK  [0m] Started ifup for enp0s8.
         Starting Raise network interfaces...
[[0;32m  OK  [0m] Started Raise network interfaces.
         Starting Initial cloud-init job (metadata service crawler)...
[[0;32m  OK  [0m] Reached target Network.
[   21.275179] cloud-init[1095]: Cloud-init v. 18.2 running 'init' at Fri, 15 Jun 2018 10:24:03 +0000. Up 20.88 seconds.
[   21.337176] cloud-init[1095]: ci-info: ++++++++++++++++++++++++++++++++++++++Net device info++++++++++++++++++++++++++++++++++++++
[   21.393445] cloud-init[1095]: ci-info: +--------+------+-----------------------------+---------------+-------+-------------------+
[   21.394419] cloud-init[1095]: ci-info: | Device |  Up  |           Address           |      Mask     | Scope |     Hw-Address    |
[[0;32m  OK  [0m] Started Initial cloud-init job (metadata service crawler).
[   21.394954] cloud-init[1095]: ci-info: +--------+------+-----------------------------+---------------+-------+-------------------+
[   21.617872] cloud-init[1095]: ci-info: | enp0s3 | True |          10.0.2.15          | 255.255.255.0 |   .   | 02:ff:33:8f:0e:5d |
[   21.619409] cloud-init[1095]: ci-info: | enp0s3 | True |  fe80::ff:33ff:fe8f:e5d/64  |       .       |  link | 02:ff:33:8f:0e:5d |
[   21.620257] cloud-init[1095]: ci-info: | enp0s8 | True |        192.168.33.11        | 255.255.255.0 |   .   | 08:00:27:13:4f:5e |
[   21.620694] cloud-init[1095]: ci-info: | enp0s8 | True | fe80::a00:27ff:fe13:4f5e/64 |       .       |  link | 08:00:27:13:4f:5e |
[   21.622164] cloud-init[1095]: ci-info: |   lo   | True |          127.0.0.1          |   255.0.0.0   |   .   |         .         |
[   21.623614] cloud-init[1095]: ci-info: |   lo   | True |           ::1/128           |       .       |  host |         .         |
[   21.624387] cloud-init[1095]: ci-info: +--------+------+-----------------------------+---------------+-------+-------------------+
[   21.624972] cloud-init[1095]: ci-info: ++++++++++++++++++++++++++++Route IPv4 info++++++++++++++++++++++++++++
[   21.625814] cloud-init[1095]: ci-info: +-------+--------------+----------+---------------+-----------+-------+
[   21.626530] cloud-init[1095]: ci-info: | Route | Destination  | Gateway  |    Genmask    | Interface | Flags |
[   21.627264] cloud-init[1095]: ci-info: +-------+--------------+----------+---------------+-----------+-------+
[   21.628008] cloud-init[1095]: ci-info: |   0   |   0.0.0.0    | 10.0.2.2 |    0.0.0.0    |   enp0s3  |   UG  |
[   21.629417] cloud-init[1095]: ci-info: |   1   |   10.0.2.0   | 0.0.0.0  | 255.255.255.0 |   enp0s3  |   U   |
[   21.630754] cloud-init[1095]: ci-info: |   2   | 192.168.33.0 | 0.0.0.0  | 255.255.255.0 |   enp0s8  |   U   |
[   21.631362] cloud-init[1095]: ci-info: +-------+--------------+----------+---------------+-----------+-------+
[[0;32m  OK  [0m] Reached target Network is Online.
         Starting iSCSI initiator daemon (iscsid)...
[[0;32m  OK  [0m] Reached target System Initialization.
[[0;32m  OK  [0m] Listening on D-Bus System Message Bus Socket.
         Starting LXD - unix socket.
         Starting Docker Socket for the API.
         Starting Socket activation for snappy daemon.
[[0;32m  OK  [0m] Started Daily Cleanup of Temporary Directories.
[[0;32m  OK  [0m] Listening on ACPID Listen Socket.
[[0;32m  OK  [0m] Listening on UUID daemon activation socket.
[[0;32m  OK  [0m] Started ACPI Events Check.
[[0;32m  OK  [0m] Reached target Paths.
[[0;32m  OK  [0m] Started Clean PHP session files every 30 mins.
[[0;32m  OK  [0m] Started Daily apt download activities.
[[0;32m  OK  [0m] Started Daily apt upgrade and clean activities.
[[0;32m  OK  [0m] Reached target Timers.
[[0;32m  OK  [0m] Reached target Cloud-config availability.
[[0;32m  OK  [0m] Listening on LXD - unix socket.
[[0;32m  OK  [0m] Listening on Docker Socket for the API.
[[0;32m  OK  [0m] Listening on Socket activation for snappy daemon.
[[0;32m  OK  [0m] Started iSCSI initiator daemon (iscsid).
         Starting Login to default iSCSI targets...
[[0;32m  OK  [0m] Reached target Sockets.
[[0;32m  OK  [0m] Reached target Basic System.
         Starting Virtualbox guest utils...
         Starting LXD - container startup/shutdown...
         Starting Docker Application Container Engine...
         Starting Apply the settings specified in cloud-config...
         Starting /etc/rc.local Compatibility...
[[0;32m  OK  [0m] Started Unattended Upgrades Shutdown.
         Starting LSB: Record successful boot for GRUB...
         Starting Login Service...
         Starting System Logging Service...
[[0;32m  OK  [0m] Started D-Bus System Message Bus.
[[0;32m  OK  [0m] Started Deferred execution scheduler.
         Starting OpenBSD Secure Shell server...
[[0;32m  OK  [0m] Started Regular background program processing daemon.
         Starting Snappy daemon...
[[0;32m  OK  [0m] Started FUSE filesystem for LXC.
         Starting LSB: MD monitoring daemon...
[[0;32m  OK  [0m] Started ACPI event daemon.
         Starting Accounts Service...
[[0;32m  OK  [0m] Started System Logging Service.
[[0;32m  OK  [0m] Started LXD - container startup/shutdown.
[[0;32m  OK  [0m] Started /etc/rc.local Compatibility.
[[0;32m  OK  [0m] Started OpenBSD Secure Shell server.
[[0;32m  OK  [0m] Started Login to default iSCSI targets.
[[0;32m  OK  [0m] Started LSB: Record successful boot for GRUB.
[[0;32m  OK  [0m] Started Login Service.
         Starting Authenticate and Authorize Users to Run Privileged Tasks...
[[0;32m  OK  [0m] Reached target Remote File Systems (Pre).
[[0;32m  OK  [0m] Reached target Remote File Systems.
         Starting LSB: automatic crash report generation...
         Starting Permit User Sessions...
         Starting LSB: Apache2 web server...
         Starting LSB: Set up cgroupfs mounts....
         Starting LSB: daemon to balance interrupts for SMP systems...
         Starting LSB: Set the CPU Frequency Scaling governor to "ondemand"...
[[0;32m  OK  [0m] Started LSB: MD monitoring daemon.
[[0;32m  OK  [0m] Started LSB: Set up cgroupfs mounts..
[[0;32m  OK  [0m] Started Virtualbox guest utils.
[[0;32m  OK  [0m] Started Permit User Sessions.
[[0;32m  OK  [0m] Started Snappy daemon.
[[0;32m  OK  [0m] Started Authenticate and Authorize Users to Run Privileged Tasks.
[[0;32m  OK  [0m] Started Accounts Service.
         Starting Wait until snapd is fully seeded...
         Starting Hold until boot process finishes up...
         Starting Terminate Plymouth Boot Screen...
[[0;32m  OK  [0m] Started LSB: Set the CPU Frequency Scaling governor to "ondemand".
[[0;32m  OK  [0m] Started LSB: automatic crash report generation.
[[0;32m  OK  [0m] Started LSB: daemon to balance interrupts for SMP systems.
[[0;32m  OK  [0m] Started Hold until boot process finishes up.
[[0;32m  OK  [0m] Started Terminate Plymouth Boot Screen.
[[0;32m  OK  [0m] Started Getty on tty1.
[[0;32m  OK  [0m] Started Serial Getty on ttyS0.
[[0;32m  OK  [0m] Reached target Login Prompts.
         Starting Set console scheme...
[[0;32m  OK  [0m] Started Set console scheme.
[[0;32m  OK  [0m] Created slice User Slice of vagrant.
         Starting User Manager for UID 1000...
[[0;32m  OK  [0m] Started Wait until snapd is fully seeded.
[[0;32m  OK  [0m] Started User Manager for UID 1000.
[[0;32m  OK  [0m] Started Session 1 of user vagrant.
[   24.220608] cloud-init[1166]: Cloud-init v. 18.2 running 'modules:config' at Fri, 15 Jun 2018 10:24:06 +0000. Up 23.95 seconds.
[[0;32m  OK  [0m] Started Apply the settings specified in cloud-config.
[[0;32m  OK  [0m] Started LSB: Apache2 web server.
[[0;32m  OK  [0m] Started Docker Application Container Engine.
[[0;32m  OK  [0m] Reached target Multi-User System.
         Starting Execute cloud user/final scripts...
[[0;32m  OK  [0m] Reached target Graphical Interface.
         Starting Update UTMP about System Runlevel Changes...
[[0;32m  OK  [0m] Started Update UTMP about System Runlevel Changes.
[   26.018002] cloud-init[1846]: Cloud-init v. 18.2 running 'modules:final' at Fri, 15 Jun 2018 10:24:07 +0000. Up 25.51 seconds.
[   26.045528] cloud-init[1846]: Cloud-init v. 18.2 finished at Fri, 15 Jun 2018 10:24:08 +0000. Datasource DataSourceNoCloud [seed=/dev/sdb][dsmode=net].  Up 26.00 seconds
[[0;32m  OK  [0m] Started Execute cloud user/final scripts.
[[0;32m  OK  [0m] Reached target Cloud-init target.

Ubuntu 16.04.4 LTS ubuntu-xenial ttyS0

ubuntu-xenial login: [[0;32m  OK  [0m] Stopped target Timers.
         Stopping Session 95 of user vagrant.
[[0;32m  OK  [0m] Stopped target Graphical Interface.
         Stopping ACPI event daemon...
[[0;32m  OK  [0m] Stopped Clean PHP session files every 30 mins.
[         Stopping System Logging Service...
         Stopping Unattended Upgrades Shutdown...
[[0;32m  OK  [0m] Stopped Daily Cleanup of Temporary Directories.
         Stopping User Manager for UID 1000...
[[0;32m  OK  [0m] Stopped target Cloud-config availability.
         Stopping Snappy daemon...
[[0;32m  OK  [0m] Unmounted /var/lib/lxcfs.
[[0;32m  OK  [0m] Stopped System Logging Service.
[[0;32m  OK  [0m] Stopped Deferred execution scheduler.
[[0;32m  OK  [0m] Stopped OpenBSD Secure Shell server.
[[0;32m  OK  [0m] Stopped Regular background program processing daemon.
[[0;32m  OK  [0m] Stopped Snappy daemon.
[[0;32m  OK  [0m] Stopped ACPI event daemon.
[[0;32m  OK  [0m] Stopped Accounts Service.
[[0;32m  OK  [0m] Stopped Authenticate and Authorize Users to Run Privileged Tasks.
[[0;32m  OK  [0m] Stopped Getty on tty1.
[[0;32m  OK  [0m] Stopped Serial Getty on ttyS0.
[[0;32m  OK  [0m] Stopped User Manager for UID 1000.
[[0;32m  OK  [0m] Stopped Session 95 of user vagrant.
[[0;32m  OK  [0m] Stopped D-Bus System Message Bus.
[[0;32m  OK  [0m] Stopped LSB: Set up cgroupfs mounts..
[[0;32m  OK  [0m] Stopped Unattended Upgrades Shutdown.
[[0;32m  OK  [0m] Stopped FUSE filesystem for LXC.
[[0;32m  OK  [0m] Stopped LSB: Record successful boot for GRUB.
[[0;32m  OK  [0m] Stopped Virtualbox guest utils.
[[0;32m  OK  [0m] Stopped LSB: daemon to balance interrupts for SMP systems.
[[0;32m  OK  [0m] Stopped LXD - container startup/shutdown.
[[0;32m  OK  [0m] Stopped LSB: MD monitoring daemon.
[[0;32m  OK  [0m] Stopped LSB: Set the CPU Frequency Scaling governor to "ondemand".
[[0;32m  OK  [0m] Stopped LSB: automatic crash report generation.
[[0;32m  OK  [0m] Removed slice User Slice of vagrant.
         Stopping Login Service...
[[0;32m  OK  [0m] Removed slice system-serial\x2dgetty.slice.
[[0;32m  OK  [0m] Removed slice system-getty.slice.
         Stopping Permit User Sessions...
[[0;32m  OK  [0m] Stopped /etc/rc.local Compatibility.
[[0;32m  OK  [0m] Stopped Permit User Sessions.
[[0;32m  OK  [0m] Stopped Login Service.
[[0;32m  OK  [0m] Stopped target User and Group Name Lookups.
[[0;32m  OK  [0m] Stopped LSB: Apache2 web server.
[[0;32m  OK  [0m] Stopped target Remote File Systems.
[[0;32m  OK  [0m] Stopped target Remote File Systems (Pre).
         Stopping Login to default iSCSI targets...
[[0;32m  OK  [0m] Stopped Login to default iSCSI targets.
         Stopping iSCSI initiator daemon (iscsid)...
[[0;32m  OK  [0m] Stopped iSCSI initiator daemon (iscsid).
[[0;32m  OK  [0m] Unmounted /run/docker/netns/bf614cff074e.
[[0;32m  OK  [0m] Unmounted /var/lib/docker/container...38bc44194827a5467564/mounts/shm.
[[0;32m  OK  [0m] Unmounted /var/lib/docker/overlay2/...797a8ba3f315c86e4c46e0d2/merged.
[[0;32m  OK  [0m] Stopped Docker Application Container Engine.
[[0;32m  OK  [0m] Stopped target Basic System.
[[0;32m  OK  [0m] Stopped target Paths.
[[0;32m  OK  [0m] Stopped Forward Password Requests to Wall Directory Watch.
[[0;32m  OK  [0m] Stopped ACPI Events Check.
[[0;32m  OK  [0m] Stopped Dispatch Password Requests to Console Directory Watch.
[[0;32m  OK  [0m] Stopped target Sockets.
[[0;32m  OK  [0m] Closed D-Bus System Message Bus Socket.
[[0;32m  OK  [0m] Closed Syslog Socket.
[[0;32m  OK  [0m] Closed UUID daemon activation socket.
[[0;32m  OK  [0m] Closed LXD - unix socket.
[[0;32m  OK  [0m] Closed ACPID Listen Socket.
[[0;32m  OK  [0m] Closed Socket activation for snappy daemon.
[[0;32m  OK  [0m] Stopped target Slices.
[[0;32m  OK  [0m] Removed slice User and Session Slice.
[[0;32m  OK  [0m] Stopped target Network is Online.
[[0;32m  OK  [0m] Stopped target Network.
[[0;32m  OK  [0m] Closed Docker Socket for the API.
[[0;32m  OK  [0m] Stopped target System Initialization.
[[0;32m  OK  [0m] Stopped Initial cloud-init job (metadata service crawler).
         Stopping Raise network interfaces...
         Stopping Load/Save Random Seed...
         Stopping Update UTMP about System Boot/Shutdown...
[[0;32m  OK  [0m] Stopped target Swap.
[[0;32m  OK  [0m] Stopped target Encrypted Volumes.
[[0;32m  OK  [0m] Stopped Load/Save Random Seed.
[[0;32m  OK  [0m] Stopped Update UTMP about System Boot/Shutdown.
[[0;32m  OK  [0m] Stopped Create Volatile Files and Directories.
[[0;32m  OK  [0m] Stopped Raise network interfaces.
[[0;32m  OK  [0m] Stopped Apply Kernel Variables.
[[0;32m  OK  [0m] Stopped Load Kernel Modules.
[[0;32m  OK  [0m] Stopped target Local File Systems.
         Unmounting /vagrant...
         Unmounting /run/user/1000...
[[0;32m  OK  [0m] Stopped target Network (Pre).
[[0;32m  OK  [0m] Stopped Initial cloud-init job (pre-networking).
[[0;32m  OK  [0m] Unmounted /vagrant.
[[0;32m  OK  [0m] Unmounted /run/user/1000.
[[0;32m  OK  [0m] Reached target Unmount All Filesystems.
[[0;32m  OK  [0m] Stopped target Local File Systems (Pre).
[[0;32m  OK  [0m] Stopped Remount Root and Kernel File Systems.
[[0;32m  OK  [0m] Stopped Create Static Device Nodes in /dev.
[[0;32m  OK  [0m] Reached target Shutdown.
[104997.637986] reboot: Power down
